0 info it worked if it ends with ok
1 verbose cli [ '/home/joao/vue-front/env_vue/bin/node',
1 verbose cli   '/home/joao/vue-front/env_vue/bin/npm',
1 verbose cli   'run',
1 verbose cli   'build:browser' ]
2 info using npm@3.10.9
3 info using node@v7.1.0
4 verbose run-script [ 'prebuild:browser', 'build:browser', 'postbuild:browser' ]
5 info lifecycle vue-virtual-scroller@0.12.0~prebuild:browser: vue-virtual-scroller@0.12.0
6 silly lifecycle vue-virtual-scroller@0.12.0~prebuild:browser: no script for prebuild:browser, continuing
7 info lifecycle vue-virtual-scroller@0.12.0~build:browser: vue-virtual-scroller@0.12.0
8 verbose lifecycle vue-virtual-scroller@0.12.0~build:browser: unsafe-perm in lifecycle true
9 verbose lifecycle vue-virtual-scroller@0.12.0~build:browser: PATH: /home/joao/vue-front/env_vue/lib/node_modules/npm/bin/node-gyp-bin:/home/joao/vue-virtual-scroller/node_modules/.bin:/home/joao/vue-front/env_vue/lib/node_modules/.bin:/home/joao/vue-front/env_vue/bin:/home/joao/.npm-global/bin:/home/joao/.npm-global/bin:/usr/local/sbin:/usr/local/bin:/usr/sbin:/usr/bin:/sbin:/bin:/usr/games:/usr/local/games
10 verbose lifecycle vue-virtual-scroller@0.12.0~build:browser: CWD: /home/joao/vue-virtual-scroller
11 silly lifecycle vue-virtual-scroller@0.12.0~build:browser: Args: [ '-c', 'rollup --config build/rollup.config.browser.js' ]
12 silly lifecycle vue-virtual-scroller@0.12.0~build:browser: Returned: code: 1  signal: null
13 info lifecycle vue-virtual-scroller@0.12.0~build:browser: Failed to exec build:browser script
14 verbose stack Error: vue-virtual-scroller@0.12.0 build:browser: `rollup --config build/rollup.config.browser.js`
14 verbose stack Exit status 1
14 verbose stack     at EventEmitter.<anonymous> (/home/joao/vue-front/env_vue/lib/node_modules/npm/lib/utils/lifecycle.js:255:16)
14 verbose stack     at emitTwo (events.js:106:13)
14 verbose stack     at EventEmitter.emit (events.js:191:7)
14 verbose stack     at ChildProcess.<anonymous> (/home/joao/vue-front/env_vue/lib/node_modules/npm/lib/utils/spawn.js:40:14)
14 verbose stack     at emitTwo (events.js:106:13)
14 verbose stack     at ChildProcess.emit (events.js:191:7)
14 verbose stack     at maybeClose (internal/child_process.js:885:16)
14 verbose stack     at Process.ChildProcess._handle.onexit (internal/child_process.js:226:5)
15 verbose pkgid vue-virtual-scroller@0.12.0
16 verbose cwd /home/joao/vue-virtual-scroller
17 error Linux 4.4.0-36-generic
18 error argv "/home/joao/vue-front/env_vue/bin/node" "/home/joao/vue-front/env_vue/bin/npm" "run" "build:browser"
19 error node v7.1.0
20 error npm  v3.10.9
21 error code ELIFECYCLE
22 error vue-virtual-scroller@0.12.0 build:browser: `rollup --config build/rollup.config.browser.js`
22 error Exit status 1
23 error Failed at the vue-virtual-scroller@0.12.0 build:browser script 'rollup --config build/rollup.config.browser.js'.
23 error Make sure you have the latest version of node.js and npm installed.
23 error If you do, this is most likely a problem with the vue-virtual-scroller package,
23 error not with npm itself.
23 error Tell the author that this fails on your system:
23 error     rollup --config build/rollup.config.browser.js
23 error You can get information on how to open an issue for this project with:
23 error     npm bugs vue-virtual-scroller
23 error Or if that isn't available, you can get their info via:
23 error     npm owner ls vue-virtual-scroller
23 error There is likely additional logging output above.
24 verbose exit [ 1, true ]
